  Delay.cpp
  DelayL.cpp
  Drummer.cpp
  Echo.cpp
c:\users\pmurgai\desktop\quarter-1\256a\juce\examples\audio_plugin\source\instrmnt.h(82): warning C4100: 'frequency': unreferenced formal parameter (compiling source file ..\..\Source\Drummer.cpp)
c:\users\pmurgai\desktop\quarter-1\256a\juce\examples\audio_plugin\source\instrmnt.h(100): warning C4100: 'value': unreferenced formal parameter (compiling source file ..\..\Source\Drummer.cpp)
c:\users\pmurgai\desktop\quarter-1\256a\juce\examples\audio_plugin\source\instrmnt.h(100): warning C4100: 'number': unreferenced formal parameter (compiling source file ..\..\Source\Drummer.cpp)
  FileRead.cpp
  FileWvIn.cpp
  OnePole.cpp
  PitShift.cpp
  PluginEditor.cpp
  PluginProcessor.cpp
  Stk.cpp
  juce_audio_basics.cpp
c:\users\pmurgai\desktop\quarter-1\256a\juce\examples\audio_plugin\source\stk.cpp(186): warning C4100: 'milliseconds': unreferenced formal parameter
c:\users\pmurgai\desktop\quarter-1\256a\juce\examples\audio_plugin\source\stk.cpp(341): warning C4018: '<': signed/unsigned mismatch
c:\users\pmurgai\desktop\quarter-1\256a\juce\examples\audio_plugin\source\stk.cpp(369): warning C4018: '<': signed/unsigned mismatch
  juce_audio_devices.cpp
c:\users\pmurgai\desktop\quarter-1\256a\juce\examples\audio_plugin\source\plugineditor.h(50): warning C4189: 'i': local variable is initialized but not referenced (compiling source file ..\..\Source\PluginProcessor.cpp)
c:\users\pmurgai\desktop\quarter-1\256a\juce\examples\audio_plugin\source\plugineditor.h(104): warning C4244: 'argument': conversion from 'double' to 'float', possible loss of data (compiling source file ..\..\Source\PluginProcessor.cpp)
c:\users\pmurgai\desktop\quarter-1\256a\juce\examples\audio_plugin\source\plugineditor.h(113): warning C4244: 'argument': conversion from 'double' to 'float', possible loss of data (compiling source file ..\..\Source\PluginProcessor.cpp)
c:\users\pmurgai\desktop\quarter-1\256a\juce\examples\audio_plugin\source\plugineditor.h(127): warning C4305: 'argument': truncation from 'double' to 'float' (compiling source file ..\..\Source\PluginProcessor.cpp)
c:\users\pmurgai\desktop\quarter-1\256a\juce\examples\audio_plugin\source\plugineditor.h(140): warning C4456: declaration of 'sound' hides previous local declaration (compiling source file ..\..\Source\PluginProcessor.cpp)
  c:\users\pmurgai\desktop\quarter-1\256a\juce\examples\audio_plugin\source\plugineditor.h(134): note: see declaration of 'sound' (compiling source file ..\..\Source\PluginProcessor.cpp)
c:\users\pmurgai\desktop\quarter-1\256a\juce\examples\audio_plugin\source\plugineditor.h(144): warning C4305: 'argument': truncation from 'double' to 'float' (compiling source file ..\..\Source\PluginProcessor.cpp)
c:\users\pmurgai\desktop\quarter-1\256a\juce\examples\audio_plugin\source\plugineditor.h(134): warning C4101: 'sound': unreferenced local variable (compiling source file ..\..\Source\PluginProcessor.cpp)
c:\users\pmurgai\desktop\quarter-1\256a\juce\examples\audio_plugin\source\plugineditor.h(166): warning C4244: 'argument': conversion from 'double' to 'int', possible loss of data (compiling source file ..\..\Source\PluginProcessor.cpp)
c:\users\pmurgai\desktop\quarter-1\256a\juce\examples\audio_plugin\source\plugineditor.h(180): warning C4244: 'argument': conversion from 'double' to 'int', possible loss of data (compiling source file ..\..\Source\PluginProcessor.cpp)
c:\users\pmurgai\desktop\quarter-1\256a\juce\examples\audio_plugin\source\sine.h(27): warning C4244: 'return': conversion from 'double' to 'int', possible loss of data (compiling source file ..\..\Source\PluginProcessor.cpp)
c:\users\pmurgai\desktop\quarter-1\256a\juce\examples\audio_plugin\source\smooth.h(34): warning C4244: 'initializing': conversion from 'double' to 'float', possible loss of data (compiling source file ..\..\Source\PluginProcessor.cpp)
c:\users\pmurgai\desktop\quarter-1\256a\juce\examples\audio_plugin\source\plugineditor.h(50): warning C4189: 'i': local variable is initialized but not referenced (compiling source file ..\..\Source\PluginEditor.cpp)
c:\users\pmurgai\desktop\quarter-1\256a\juce\examples\audio_plugin\source\plugineditor.h(104): warning C4244: 'argument': conversion from 'double' to 'float', possible loss of data (compiling source file ..\..\Source\PluginEditor.cpp)
c:\users\pmurgai\desktop\quarter-1\256a\juce\examples\audio_plugin\source\plugineditor.h(113): warning C4244: 'argument': conversion from 'double' to 'float', possible loss of data (compiling source file ..\..\Source\PluginEditor.cpp)
c:\users\pmurgai\desktop\quarter-1\256a\juce\examples\audio_plugin\source\plugineditor.h(127): warning C4305: 'argument': truncation from 'double' to 'float' (compiling source file ..\..\Source\PluginEditor.cpp)
c:\users\pmurgai\desktop\quarter-1\256a\juce\examples\audio_plugin\source\plugineditor.h(140): warning C4456: declaration of 'sound' hides previous local declaration (compiling source file ..\..\Source\PluginEditor.cpp)
  c:\users\pmurgai\desktop\quarter-1\256a\juce\examples\audio_plugin\source\plugineditor.h(134): note: see declaration of 'sound' (compiling source file ..\..\Source\PluginEditor.cpp)
c:\users\pmurgai\desktop\quarter-1\256a\juce\examples\audio_plugin\source\plugineditor.h(144): warning C4305: 'argument': truncation from 'double' to 'float' (compiling source file ..\..\Source\PluginEditor.cpp)
c:\users\pmurgai\desktop\quarter-1\256a\juce\examples\audio_plugin\source\plugineditor.h(134): warning C4101: 'sound': unreferenced local variable (compiling source file ..\..\Source\PluginEditor.cpp)
c:\users\pmurgai\desktop\quarter-1\256a\juce\examples\audio_plugin\source\plugineditor.h(166): warning C4244: 'argument': conversion from 'double' to 'int', possible loss of data (compiling source file ..\..\Source\PluginEditor.cpp)
c:\users\pmurgai\desktop\quarter-1\256a\juce\examples\audio_plugin\source\plugineditor.h(180): warning C4244: 'argument': conversion from 'double' to 'int', possible loss of data (compiling source file ..\..\Source\PluginEditor.cpp)
c:\users\pmurgai\desktop\quarter-1\256a\juce\examples\audio_plugin\source\instrmnt.h(82): warning C4100: 'frequency': unreferenced formal parameter (compiling source file ..\..\Source\PluginProcessor.cpp)
c:\users\pmurgai\desktop\quarter-1\256a\juce\examples\audio_plugin\source\instrmnt.h(100): warning C4100: 'value': unreferenced formal parameter (compiling source file ..\..\Source\PluginProcessor.cpp)
c:\users\pmurgai\desktop\quarter-1\256a\juce\examples\audio_plugin\source\instrmnt.h(100): warning C4100: 'number': unreferenced formal parameter (compiling source file ..\..\Source\PluginProcessor.cpp)
c:\users\pmurgai\desktop\quarter-1\256a\juce\examples\audio_plugin\source\pluginprocessor.cpp(40): warning C4244: 'argument': conversion from 'double' to 'int', possible loss of data
c:\users\pmurgai\desktop\quarter-1\256a\juce\examples\audio_plugin\source\pluginprocessor.cpp(41): warning C4244: 'argument': conversion from 'double' to 'int', possible loss of data
c:\users\pmurgai\desktop\quarter-1\256a\juce\examples\audio_plugin\source\pluginprocessor.cpp(44): warning C4244: 'argument': conversion from 'stk::StkFloat' to 'unsigned long', possible loss of data
c:\users\pmurgai\desktop\quarter-1\256a\juce\examples\audio_plugin\source\pluginprocessor.cpp(66): warning C4244: 'argument': conversion from 'double' to 'float', possible loss of data
c:\users\pmurgai\desktop\quarter-1\256a\juce\examples\audio_plugin\source\pluginprocessor.cpp(92): warning C4244: 'argument': conversion from 'double' to 'float', possible loss of data
c:\users\pmurgai\desktop\quarter-1\256a\juce\examples\audio_plugin\source\pluginprocessor.cpp(122): warning C4244: 'argument': conversion from 'stk::StkFloat' to 'unsigned long', possible loss of data
c:\users\pmurgai\desktop\quarter-1\256a\juce\examples\audio_plugin\source\pluginprocessor.cpp(145): warning C4244: 'argument': conversion from 'double' to 'float', possible loss of data
c:\users\pmurgai\desktop\quarter-1\256a\juce\examples\audio_plugin\source\pluginprocessor.cpp(146): warning C4244: 'argument': conversion from 'double' to 'float', possible loss of data
c:\users\pmurgai\desktop\quarter-1\256a\juce\examples\audio_plugin\source\pluginprocessor.cpp(149): warning C4244: 'initializing': conversion from 'stk::StkFloat' to 'float', possible loss of data
c:\users\pmurgai\desktop\quarter-1\256a\juce\examples\audio_plugin\source\pluginprocessor.cpp(149): warning C4244: 'initializing': conversion from 'stk::StkFloat' to 'const float', possible loss of data
  juce_audio_formats.cpp
c:\users\pmurgai\desktop\quarter-1\256a\juce\examples\audio_plugin\source\pluginprocessor.cpp(316): warning C4100: 'delayBuffer': unreferenced formal parameter
  c:\users\pmurgai\desktop\quarter-1\256a\juce\examples\audio_plugin\source\pluginprocessor.h(29): note: see reference to function template instantiation 'void JuceDemoPluginAudioProcessor::process<float>(juce::AudioBuffer<float> &,juce::MidiBuffer &,juce::AudioBuffer<float> &)' being compiled (compiling source file ..\..\Source\PluginProcessor.cpp)
c:\users\pmurgai\desktop\quarter-1\256a\juce\examples\audio_plugin\source\plugineditor.h(127): warning C4700: uninitialized local variable 'sound' used
c:\users\pmurgai\desktop\quarter-1\256a\juce\examples\audio_plugin\source\plugineditor.h(144): warning C4700: uninitialized local variable 'sound' used
  juce_audio_plugin_client_utils.cpp
  juce_audio_plugin_client_VST2.cpp
  juce_audio_plugin_client_VST3.cpp
  juce_audio_processors.cpp
  juce_audio_utils.cpp
  juce_core.cpp
  juce_data_structures.cpp
  juce_events.cpp
  juce_graphics.cpp
  juce_gui_basics.cpp
  juce_gui_extra.cpp
     Creating library C:\Users\pmurgai\Desktop\Quarter-1\256A\JUCE\examples\audio_plugin\Builds\VisualStudio2015\Debug\JuceDemoPlugin.lib and object C:\Users\pmurgai\Desktop\Quarter-1\256A\JUCE\examples\audio_plugin\Builds\VisualStudio2015\Debug\JuceDemoPlugin.exp
  JuceDemoPlugin.vcxproj -> C:\Users\pmurgai\Desktop\Quarter-1\256A\JUCE\examples\audio_plugin\Builds\VisualStudio2015\Debug\JuceDemoPlugin.dll
  JuceDemoPlugin.vcxproj -> Debug\\JuceDemoPlugin.pdb (Full PDB)
          1 file(s) copied.
